2026-02-04 03:41:56 [main] INFO  o.example.nexfit.NexFitApplication - Starting NexFitApplication using Java 17.0.6 with PID 17379 (/Users/kritip/Pokemon/NexFit-BE/target/classes started by kritip in /Users/kritip/Pokemon/NexFit-BE)
2026-02-04 03:41:56 [main] DEBUG o.example.nexfit.NexFitApplication - Running with Spring Boot v4.0.0, Spring v7.0.1
2026-02-04 03:41:56 [main] INFO  o.example.nexfit.NexFitApplication - The following 1 profile is active: "default"
2026-02-04 03:41:57 [main] INFO  o.s.d.r.c.RepositoryConfigurationDelegate - Bootstrapping Spring Data MongoDB repositories in DEFAULT mode.
2026-02-04 03:41:57 [main] INFO  o.s.d.r.c.RepositoryConfigurationDelegate - Finished Spring Data repository scanning in 32 ms. Found 13 MongoDB repository interfaces.
2026-02-04 03:41:57 [main] INFO  o.s.boot.tomcat.TomcatWebServer - Tomcat initialized with port 8080 (http)
2026-02-04 03:41:57 [main] INFO  o.a.catalina.core.StandardService - Starting service [Tomcat]
2026-02-04 03:41:57 [main] INFO  o.a.catalina.core.StandardEngine - Starting Servlet engine: [Apache Tomcat/11.0.14]
2026-02-04 03:41:57 [main] INFO  o.s.b.w.c.s.WebApplicationContextInitializer - Root WebApplicationContext: initialization completed in 750 ms
2026-02-04 03:41:57 [main] INFO  org.mongodb.driver.cluster - Adding discovered server ac-m1hrvkw-shard-00-00.voszrn1.mongodb.net:27017 to client view of cluster
2026-02-04 03:41:57 [main] INFO  org.mongodb.driver.cluster - Adding discovered server ac-m1hrvkw-shard-00-01.voszrn1.mongodb.net:27017 to client view of cluster
2026-02-04 03:41:57 [main] INFO  org.mongodb.driver.cluster - Adding discovered server ac-m1hrvkw-shard-00-02.voszrn1.mongodb.net:27017 to client view of cluster
2026-02-04 03:41:57 [main] INFO  org.mongodb.driver.client - MongoClient with metadata {"driver": {"name": "mongo-java-driver|sync", "version": "5.6.1"}, "os": {"type": "Darwin", "name": "Mac OS X", "architecture": "aarch64", "version": "15.2"}, "platform": "Java/Amazon.com Inc./17.0.6+10-LTS"} created with settings MongoClientSettings{readPreference=primary, writeConcern=WriteConcern{w=majority, wTimeout=null ms, journal=null}, retryWrites=true, retryReads=true, readConcern=ReadConcern{level=null}, credential=MongoCredential{mechanism=null, userName='nexfit-admin', source='admin', password=<hidden>, mechanismProperties=<hidden>}, transportSettings=null, commandListeners=[], codecRegistry=ProvidersCodecRegistry{codecProviders=[ValueCodecProvider{}, BsonValueCodecProvider{}, DBRefCodecProvider{}, DBObjectCodecProvider{}, DocumentCodecProvider{}, CollectionCodecProvider{}, IterableCodecProvider{}, MapCodecProvider{}, GeoJsonCodecProvider{}, GridFSFileCodecProvider{}, Jsr310CodecProvider{}, JsonObjectCodecProvider{}, BsonCodecProvider{}, com.mongodb.client.model.mql.ExpressionCodecProvider@6c830ebd, com.mongodb.Jep395RecordCodecProvider@15f519f7, com.mongodb.KotlinCodecProvider@4a336377, EnumCodecProvider{}]}, loggerSettings=LoggerSettings{maxDocumentLength=1000}, clusterSettings={hosts=[ac-m1hrvkw-shard-00-00.voszrn1.mongodb.net:27017, ac-m1hrvkw-shard-00-01.voszrn1.mongodb.net:27017, ac-m1hrvkw-shard-00-02.voszrn1.mongodb.net:27017], srvServiceName=mongodb, mode=MULTIPLE, requiredClusterType=UNKNOWN, requiredReplicaSetName='null', serverSelector='null', clusterListeners='[]', serverSelectionTimeout='30000 ms', localThreshold='15 ms'}, socketSettings=SocketSettings{connectTimeoutMS=10000, readTimeoutMS=0, receiveBufferSize=0, proxySettings=ProxySettings{host=null, port=null, username=null, password=null}}, heartbeatSocketSettings=SocketSettings{connectTimeoutMS=10000, readTimeoutMS=10000, receiveBufferSize=0, proxySettings=ProxySettings{host=null, port=null, username=null, password=null}}, connectionPoolSettings=ConnectionPoolSettings{maxSize=100, minSize=0, maxWaitTimeMS=120000, maxConnectionLifeTimeMS=0, maxConnectionIdleTimeMS=0, maintenanceInitialDelayMS=0, maintenanceFrequencyMS=60000, connectionPoolListeners=[], maxConnecting=2}, serverSettings=ServerSettings{heartbeatFrequencyMS=10000, minHeartbeatFrequencyMS=500, serverMonitoringMode=AUTO, serverListeners='[]', serverMonitorListeners='[]'}, sslSettings=SslSettings{enabled=true, invalidHostNameAllowed=false, context=null}, applicationName='null', compressorList=[], uuidRepresentation=UNSPECIFIED, serverApi=null, autoEncryptionSettings=null, dnsClient=null, inetAddressResolver=null, contextProvider=null, timeoutMS=null}
2026-02-04 03:41:57 [main] DEBUG o.e.n.s.JwtAuthenticationFilter - Filter 'jwtAuthenticationFilter' configured for use
2026-02-04 03:41:57 [main] DEBUG o.e.n.s.TrainerJwtAuthenticationFilter - Filter 'trainerJwtAuthenticationFilter' configured for use
2026-02-04 03:41:57 [main] INFO  o.s.s.c.a.a.c.InitializeAuthenticationProviderBeanManagerConfigurer$InitializeAuthenticationProviderManagerConfigurer - Global AuthenticationManager configured with AuthenticationProvider bean with name authenticationProvider
2026-02-04 03:41:57 [main] WARN  o.s.s.c.a.a.c.InitializeUserDetailsBeanManagerConfigurer$InitializeUserDetailsManagerConfigurer - Global AuthenticationManager configured with an AuthenticationProvider bean. UserDetailsService beans will not be used by Spring Security for automatically configuring username/password login. Consider removing the AuthenticationProvider bean. Alternatively, consider using the UserDetailsService in a manually instantiated DaoAuthenticationProvider. If the current configuration is intentional, to turn off this warning, increase the logging level of 'org.springframework.security.config.annotation.authentication.configuration.InitializeUserDetailsBeanManagerConfigurer' to ERROR
2026-02-04 03:41:58 [main] INFO  o.e.n.s.impl.LaunchDarklyServiceImpl - LaunchDarkly disabled or SDK key not provided
2026-02-04 03:41:58 [main] INFO  o.e.n.service.impl.S3ServiceImpl - S3 service initialized successfully with bucket: nexfit-media-prod
2026-02-04 03:41:58 [main] INFO  o.s.b.a.e.web.EndpointLinksResolver - Exposing 3 endpoints beneath base path '/actuator'
2026-02-04 03:41:58 [main] INFO  o.s.boot.tomcat.TomcatWebServer - Tomcat started on port 8080 (http) with context path '/api/v1'
2026-02-04 03:41:58 [main] INFO  o.example.nexfit.NexFitApplication - Started NexFitApplication in 2.231 seconds (process running for 2.504)
2026-02-04 03:41:58 [main] INFO  org.mongodb.driver.cluster - Waiting for server to become available for operation aggregate with ID 5. Remaining time: 29998 ms. Selector: ReadPreferenceServerSelector{readPreference=primary}, topology description: {type=UNKNOWN, servers=[{address=ac-m1hrvkw-shard-00-01.voszrn1.mongodb.net:27017, type=UNKNOWN, state=CONNECTING}, {address=ac-m1hrvkw-shard-00-00.voszrn1.mongodb.net:27017, type=UNKNOWN, state=CONNECTING}, {address=ac-m1hrvkw-shard-00-02.voszrn1.mongodb.net:27017, type=UNKNOWN, state=CONNECTING}].
2026-02-04 03:41:59 [cluster-ClusterId{value='698272adadc791257caca749', description='null'}-ac-m1hrvkw-shard-00-02.voszrn1.mongodb.net:27017] INFO  org.mongodb.driver.cluster - Monitor thread successfully connected to server with description ServerDescription{address=ac-m1hrvkw-shard-00-02.voszrn1.mongodb.net:27017, type=REPLICA_SET_SECONDARY, cryptd=false, state=CONNECTED, ok=true, minWireVersion=0, maxWireVersion=25, maxDocumentSize=16777216, logicalSessionTimeoutMinutes=30, roundTripTimeNanos=421968708, minRoundTripTimeNanos=0, setName='atlas-14bydx-shard-0', canonicalAddress=ac-m1hrvkw-shard-00-02.voszrn1.mongodb.net:27017, hosts=[ac-m1hrvkw-shard-00-02.voszrn1.mongodb.net:27017, ac-m1hrvkw-shard-00-00.voszrn1.mongodb.net:27017, ac-m1hrvkw-shard-00-01.voszrn1.mongodb.net:27017], passives=[], arbiters=[], primary='ac-m1hrvkw-shard-00-01.voszrn1.mongodb.net:27017', tagSet=TagSet{[Tag{name='availabilityZone', value='apse2-az2'}, Tag{name='diskState', value='READY'}, Tag{name='nodeType', value='ELECTABLE'}, Tag{name='provider', value='AWS'}, Tag{name='region', value='AP_SOUTHEAST_2'}, Tag{name='workloadType', value='OPERATIONAL'}]}, electionId=null, setVersion=57, topologyVersion=TopologyVersion{processId=697b97af9ccb37093bbcbecf, counter=3}, lastWriteDate=Wed Feb 04 03:41:59 IST 2026, lastUpdateTimeNanos=246752824782041}
2026-02-04 03:41:59 [cluster-ClusterId{value='698272adadc791257caca749', description='null'}-ac-m1hrvkw-shard-00-00.voszrn1.mongodb.net:27017] INFO  org.mongodb.driver.cluster - Monitor thread successfully connected to server with description ServerDescription{address=ac-m1hrvkw-shard-00-00.voszrn1.mongodb.net:27017, type=REPLICA_SET_SECONDARY, cryptd=false, state=CONNECTED, ok=true, minWireVersion=0, maxWireVersion=25, maxDocumentSize=16777216, logicalSessionTimeoutMinutes=30, roundTripTimeNanos=425139834, minRoundTripTimeNanos=0, setName='atlas-14bydx-shard-0', canonicalAddress=ac-m1hrvkw-shard-00-00.voszrn1.mongodb.net:27017, hosts=[ac-m1hrvkw-shard-00-02.voszrn1.mongodb.net:27017, ac-m1hrvkw-shard-00-00.voszrn1.mongodb.net:27017, ac-m1hrvkw-shard-00-01.voszrn1.mongodb.net:27017], passives=[], arbiters=[], primary='ac-m1hrvkw-shard-00-01.voszrn1.mongodb.net:27017', tagSet=TagSet{[Tag{name='availabilityZone', value='apse2-az1'}, Tag{name='diskState', value='READY'}, Tag{name='nodeType', value='ELECTABLE'}, Tag{name='provider', value='AWS'}, Tag{name='region', value='AP_SOUTHEAST_2'}, Tag{name='workloadType', value='OPERATIONAL'}]}, electionId=null, setVersion=57, topologyVersion=TopologyVersion{processId=697b906a08b0d945ec857319, counter=4}, lastWriteDate=Wed Feb 04 03:41:59 IST 2026, lastUpdateTimeNanos=246752824759625}
2026-02-04 03:41:59 [cluster-ClusterId{value='698272adadc791257caca749', description='null'}-ac-m1hrvkw-shard-00-00.voszrn1.mongodb.net:27017] INFO  org.mongodb.driver.cluster - Discovered cluster type of REPLICA_SET
2026-02-04 03:41:59 [cluster-ClusterId{value='698272adadc791257caca749', description='null'}-ac-m1hrvkw-shard-00-01.voszrn1.mongodb.net:27017] INFO  org.mongodb.driver.cluster - Monitor thread successfully connected to server with description ServerDescription{address=ac-m1hrvkw-shard-00-01.voszrn1.mongodb.net:27017, type=REPLICA_SET_PRIMARY, cryptd=false, state=CONNECTED, ok=true, minWireVersion=0, maxWireVersion=25, maxDocumentSize=16777216, logicalSessionTimeoutMinutes=30, roundTripTimeNanos=428032375, minRoundTripTimeNanos=0, setName='atlas-14bydx-shard-0', canonicalAddress=ac-m1hrvkw-shard-00-01.voszrn1.mongodb.net:27017, hosts=[ac-m1hrvkw-shard-00-02.voszrn1.mongodb.net:27017, ac-m1hrvkw-shard-00-00.voszrn1.mongodb.net:27017, ac-m1hrvkw-shard-00-01.voszrn1.mongodb.net:27017], passives=[], arbiters=[], primary='ac-m1hrvkw-shard-00-01.voszrn1.mongodb.net:27017', tagSet=TagSet{[Tag{name='availabilityZone', value='apse2-az3'}, Tag{name='diskState', value='READY'}, Tag{name='nodeType', value='ELECTABLE'}, Tag{name='provider', value='AWS'}, Tag{name='region', value='AP_SOUTHEAST_2'}, Tag{name='workloadType', value='OPERATIONAL'}]}, electionId=7fffffff000000000000013d, setVersion=57, topologyVersion=TopologyVersion{processId=697b940a3c5ce02ae4ba7b36, counter=6}, lastWriteDate=Wed Feb 04 03:41:59 IST 2026, lastUpdateTimeNanos=246752830790833}
2026-02-04 03:41:59 [cluster-ClusterId{value='698272adadc791257caca749', description='null'}-ac-m1hrvkw-shard-00-01.voszrn1.mongodb.net:27017] INFO  org.mongodb.driver.cluster - Discovered replica set primary ac-m1hrvkw-shard-00-01.voszrn1.mongodb.net:27017 with max election id 7fffffff000000000000013d and max set version 57
2026-02-04 03:42:01 [main] INFO  o.example.nexfit.config.DataSeeder - Seeder skipped: user/trainer data already exists.
2026-02-04 03:42:01 [RMI TCP Connection(2)-192.168.29.46] INFO  o.a.c.c.C.[.[localhost].[/api/v1] - Initializing Spring DispatcherServlet 'dispatcherServlet'
2026-02-04 03:42:01 [RMI TCP Connection(2)-192.168.29.46] INFO  o.s.web.servlet.DispatcherServlet - Initializing Servlet 'dispatcherServlet'
2026-02-04 03:42:01 [RMI TCP Connection(2)-192.168.29.46] INFO  o.s.web.servlet.DispatcherServlet - Completed initialization in 1 ms
2026-02-04 03:42:02 [RMI TCP Connection(4)-192.168.29.46] WARN  o.s.b.m.health.MongoHealthIndicator - MongoDB health check failed
com.mongodb.MongoCommandException: Command execution failed on MongoDB server with error 8000 (AtlasError): '(Unauthorized) not authorized on local to execute command { hello: 1, $db: "local", $clusterTime: { clusterTime: {1770156722 30}, signature: { hash: {0 [242 55 3 181 228 80 90 226 203 209 246 118 190 47 121 171 184 240 82 212]}, keyId: 7546235969746239488.000000 } }, lsid: { id: {4 [251 70 83 69 140 226 71 128 145 203 249 33 131 73 158 131]} } }' on server ac-m1hrvkw-shard-00-01.voszrn1.mongodb.net:27017. The full response is {"ok": 0, "errmsg": "(Unauthorized) not authorized on local to execute command { hello: 1, $db: \"local\", $clusterTime: { clusterTime: {1770156722 30}, signature: { hash: {0 [242 55 3 181 228 80 90 226 203 209 246 118 190 47 121 171 184 240 82 212]}, keyId: 7546235969746239488.000000 } }, lsid: { id: {4 [251 70 83 69 140 226 71 128 145 203 249 33 131 73 158 131]} } }", "code": 8000, "codeName": "AtlasError"}
	at com.mongodb.internal.connection.ProtocolHelper.getCommandFailureException(ProtocolHelper.java:210)
	at com.mongodb.internal.connection.InternalStreamConnection.receiveCommandMessageResponse(InternalStreamConnection.java:520)
	at com.mongodb.internal.connection.InternalStreamConnection.sendAndReceiveInternal(InternalStreamConnection.java:448)
	at com.mongodb.internal.connection.InternalStreamConnection.lambda$sendAndReceive$0(InternalStreamConnection.java:375)
	at com.mongodb.internal.connection.InternalStreamConnection.sendAndReceive(InternalStreamConnection.java:378)
	at com.mongodb.internal.connection.UsageTrackingInternalConnection.sendAndReceive(UsageTrackingInternalConnection.java:111)
	at com.mongodb.internal.connection.DefaultConnectionPool$PooledConnection.sendAndReceive(DefaultConnectionPool.java:757)
	at com.mongodb.internal.connection.CommandProtocolImpl.execute(CommandProtocolImpl.java:60)
	at com.mongodb.internal.connection.DefaultServer$DefaultServerProtocolExecutor.execute(DefaultServer.java:207)
	at com.mongodb.internal.connection.DefaultServerConnection.executeProtocol(DefaultServerConnection.java:112)
	at com.mongodb.internal.connection.DefaultServerConnection.command(DefaultServerConnection.java:82)
	at com.mongodb.internal.connection.DefaultServerConnection.command(DefaultServerConnection.java:74)
	at com.mongodb.internal.connection.DefaultServer$OperationCountTrackingConnection.command(DefaultServer.java:297)
	at com.mongodb.internal.operation.SyncOperationHelper.createReadCommandAndExecute(SyncOperationHelper.java:298)
	at com.mongodb.internal.operation.SyncOperationHelper.lambda$executeRetryableRead$3(SyncOperationHelper.java:197)
	at com.mongodb.internal.operation.SyncOperationHelper.lambda$withSourceAndConnection$0(SyncOperationHelper.java:131)
	at com.mongodb.internal.operation.SyncOperationHelper.withSuppliedResource(SyncOperationHelper.java:156)
	at com.mongodb.internal.operation.SyncOperationHelper.lambda$withSourceAndConnection$1(SyncOperationHelper.java:130)
	at com.mongodb.internal.operation.SyncOperationHelper.withSuppliedResource(SyncOperationHelper.java:156)
	at com.mongodb.internal.operation.SyncOperationHelper.withSourceAndConnection(SyncOperationHelper.java:129)
	at com.mongodb.internal.operation.SyncOperationHelper.lambda$executeRetryableRead$4(SyncOperationHelper.java:195)
	at com.mongodb.internal.operation.SyncOperationHelper.lambda$decorateReadWithRetries$13(SyncOperationHelper.java:317)
	at com.mongodb.internal.async.function.RetryingSyncSupplier.get(RetryingSyncSupplier.java:67)
	at com.mongodb.internal.operation.SyncOperationHelper.executeRetryableRead(SyncOperationHelper.java:201)
	at com.mongodb.internal.operation.SyncOperationHelper.executeRetryableRead(SyncOperationHelper.java:180)
	at com.mongodb.internal.operation.CommandReadOperation.execute(CommandReadOperation.java:60)
	at com.mongodb.client.internal.MongoClusterImpl$OperationExecutorImpl.execute(MongoClusterImpl.java:426)
	at com.mongodb.client.internal.MongoDatabaseImpl.executeCommand(MongoDatabaseImpl.java:215)
	at com.mongodb.client.internal.MongoDatabaseImpl.runCommand(MongoDatabaseImpl.java:184)
	at com.mongodb.client.internal.MongoDatabaseImpl.runCommand(MongoDatabaseImpl.java:179)
	at com.mongodb.client.internal.MongoDatabaseImpl.runCommand(MongoDatabaseImpl.java:169)
	at org.springframework.boot.mongodb.health.MongoHealthIndicator.lambda$doHealthCheck$0(MongoHealthIndicator.java:57)
	at com.mongodb.client.internal.MappingIterable.lambda$forEach$0(MappingIterable.java:62)
	at com.mongodb.client.internal.MongoIterableImpl.forEach(MongoIterableImpl.java:144)
	at com.mongodb.client.internal.MappingIterable.forEach(MappingIterable.java:62)
	at org.springframework.boot.mongodb.health.MongoHealthIndicator.doHealthCheck(MongoHealthIndicator.java:56)
	at org.springframework.boot.health.contributor.AbstractHealthIndicator.health(AbstractHealthIndicator.java:80)
	at org.springframework.boot.health.contributor.HealthIndicator.health(HealthIndicator.java:37)
	at org.springframework.boot.health.actuate.endpoint.Contributor$Blocking.getDescriptor(Contributor.java:148)
	at org.springframework.boot.health.actuate.endpoint.Contributor$Blocking.getDescriptor(Contributor.java:126)
	at org.springframework.boot.health.actuate.endpoint.HealthEndpointSupport.getDescriptorAndLogIfSlow(HealthEndpointSupport.java:172)
	at org.springframework.boot.health.actuate.endpoint.HealthEndpointSupport.getDescriptor(HealthEndpointSupport.java:145)
	at org.springframework.boot.health.actuate.endpoint.HealthEndpointSupport.getAggregateDescriptor(HealthEndpointSupport.java:157)
	at org.springframework.boot.health.actuate.endpoint.HealthEndpointSupport.getDescriptor(HealthEndpointSupport.java:141)
	at org.springframework.boot.health.actuate.endpoint.HealthEndpointSupport.getResult(HealthEndpointSupport.java:110)
	at org.springframework.boot.health.actuate.endpoint.HealthEndpointSupport.getResult(HealthEndpointSupport.java:82)
	at org.springframework.boot.health.actuate.endpoint.HealthEndpoint.health(HealthEndpoint.java:80)
	at org.springframework.boot.health.actuate.endpoint.HealthEndpoint.health(HealthEndpoint.java:70)
	at java.base/jdk.internal.reflect.NativeMethodAccessorImpl.invoke0(Native Method)
	at java.base/jdk.internal.reflect.NativeMethodAccessorImpl.invoke(NativeMethodAccessorImpl.java:77)
	at java.base/jdk.internal.reflect.DelegatingMethodAccessorImpl.invoke(DelegatingMethodAccessorImpl.java:43)
	at java.base/java.lang.reflect.Method.invoke(Method.java:568)
	at org.springframework.util.ReflectionUtils.invokeMethod(ReflectionUtils.java:281)
	at org.springframework.boot.actuate.endpoint.invoke.reflect.ReflectiveOperationInvoker.invoke(ReflectiveOperationInvoker.java:76)
	at org.springframework.boot.actuate.endpoint.annotation.AbstractDiscoveredOperation.invoke(AbstractDiscoveredOperation.java:62)
	at org.springframework.boot.actuate.endpoint.jmx.EndpointMBean.invoke(EndpointMBean.java:127)
	at org.springframework.boot.actuate.endpoint.jmx.EndpointMBean.invoke(EndpointMBean.java:99)
	at java.management/com.sun.jmx.interceptor.DefaultMBeanServerInterceptor.invoke(DefaultMBeanServerInterceptor.java:814)
	at java.management/com.sun.jmx.mbeanserver.JmxMBeanServer.invoke(JmxMBeanServer.java:802)
	at java.management.rmi/javax.management.remote.rmi.RMIConnectionImpl.doOperation(RMIConnectionImpl.java:1472)
	at java.management.rmi/javax.management.remote.rmi.RMIConnectionImpl$PrivilegedOperation.run(RMIConnectionImpl.java:1310)
	at java.management.rmi/javax.management.remote.rmi.RMIConnectionImpl.doPrivilegedOperation(RMIConnectionImpl.java:1405)
	at java.management.rmi/javax.management.remote.rmi.RMIConnectionImpl.invoke(RMIConnectionImpl.java:829)
	at java.base/jdk.internal.reflect.GeneratedMethodAccessor18.invoke(Unknown Source)
	at java.base/jdk.internal.reflect.DelegatingMethodAccessorImpl.invoke(DelegatingMethodAccessorImpl.java:43)
	at java.base/java.lang.reflect.Method.invoke(Method.java:568)
	at java.rmi/sun.rmi.server.UnicastServerRef.dispatch(UnicastServerRef.java:360)
	at java.rmi/sun.rmi.transport.Transport$1.run(Transport.java:200)
	at java.rmi/sun.rmi.transport.Transport$1.run(Transport.java:197)
	at java.base/java.security.AccessController.doPrivileged(AccessController.java:712)
	at java.rmi/sun.rmi.transport.Transport.serviceCall(Transport.java:196)
	at java.rmi/sun.rmi.transport.tcp.TCPTransport.handleMessages(TCPTransport.java:587)
	at java.rmi/sun.rmi.transport.tcp.TCPTransport$ConnectionHandler.run0(TCPTransport.java:828)
	at java.rmi/sun.rmi.transport.tcp.TCPTransport$ConnectionHandler.lambda$run$0(TCPTransport.java:705)
	at java.base/java.security.AccessController.doPrivileged(AccessController.java:399)
	at java.rmi/sun.rmi.transport.tcp.TCPTransport$ConnectionHandler.run(TCPTransport.java:704)
	at java.base/java.util.concurrent.ThreadPoolExecutor.runWorker(ThreadPoolExecutor.java:1136)
	at java.base/java.util.concurrent.ThreadPoolExecutor$Worker.run(ThreadPoolExecutor.java:635)
	at java.base/java.lang.Thread.run(Thread.java:833)
2026-02-04 03:49:04 [SpringApplicationShutdownHook] INFO  o.s.boot.tomcat.GracefulShutdown - Commencing graceful shutdown. Waiting for active requests to complete
2026-02-04 03:49:06 [tomcat-shutdown] INFO  o.s.boot.tomcat.GracefulShutdown - Graceful shutdown complete
2026-02-04 03:49:09 [main] INFO  o.example.nexfit.NexFitApplication - Starting NexFitApplication using Java 17.0.6 with PID 28375 (/Users/kritip/Pokemon/NexFit-BE/target/classes started by kritip in /Users/kritip/Pokemon/NexFit-BE)
2026-02-04 03:49:09 [main] DEBUG o.example.nexfit.NexFitApplication - Running with Spring Boot v4.0.0, Spring v7.0.1
2026-02-04 03:49:09 [main] INFO  o.example.nexfit.NexFitApplication - The following 1 profile is active: "default"
2026-02-04 03:49:09 [main] INFO  o.s.d.r.c.RepositoryConfigurationDelegate - Bootstrapping Spring Data MongoDB repositories in DEFAULT mode.
2026-02-04 03:49:09 [main] INFO  o.s.d.r.c.RepositoryConfigurationDelegate - Finished Spring Data repository scanning in 26 ms. Found 13 MongoDB repository interfaces.
2026-02-04 03:49:09 [main] INFO  o.s.boot.tomcat.TomcatWebServer - Tomcat initialized with port 8080 (http)
2026-02-04 03:49:09 [main] INFO  o.a.catalina.core.StandardService - Starting service [Tomcat]
2026-02-04 03:49:09 [main] INFO  o.a.catalina.core.StandardEngine - Starting Servlet engine: [Apache Tomcat/11.0.14]
2026-02-04 03:49:09 [main] INFO  o.s.b.w.c.s.WebApplicationContextInitializer - Root WebApplicationContext: initialization completed in 631 ms
2026-02-04 03:49:09 [main] INFO  org.mongodb.driver.cluster - Adding discovered server ac-m1hrvkw-shard-00-00.voszrn1.mongodb.net:27017 to client view of cluster
2026-02-04 03:49:09 [main] INFO  org.mongodb.driver.cluster - Adding discovered server ac-m1hrvkw-shard-00-01.voszrn1.mongodb.net:27017 to client view of cluster
2026-02-04 03:49:09 [main] INFO  org.mongodb.driver.cluster - Adding discovered server ac-m1hrvkw-shard-00-02.voszrn1.mongodb.net:27017 to client view of cluster
2026-02-04 03:49:09 [main] INFO  org.mongodb.driver.client - MongoClient with metadata {"driver": {"name": "mongo-java-driver|sync", "version": "5.6.1"}, "os": {"type": "Darwin", "name": "Mac OS X", "architecture": "aarch64", "version": "15.2"}, "platform": "Java/Amazon.com Inc./17.0.6+10-LTS"} created with settings MongoClientSettings{readPreference=primary, writeConcern=WriteConcern{w=majority, wTimeout=null ms, journal=null}, retryWrites=true, retryReads=true, readConcern=ReadConcern{level=null}, credential=MongoCredential{mechanism=null, userName='nexfit-admin', source='admin', password=<hidden>, mechanismProperties=<hidden>}, transportSettings=null, commandListeners=[], codecRegistry=ProvidersCodecRegistry{codecProviders=[ValueCodecProvider{}, BsonValueCodecProvider{}, DBRefCodecProvider{}, DBObjectCodecProvider{}, DocumentCodecProvider{}, CollectionCodecProvider{}, IterableCodecProvider{}, MapCodecProvider{}, GeoJsonCodecProvider{}, GridFSFileCodecProvider{}, Jsr310CodecProvider{}, JsonObjectCodecProvider{}, BsonCodecProvider{}, com.mongodb.client.model.mql.ExpressionCodecProvider@6181bc4a, com.mongodb.Jep395RecordCodecProvider@70485aa, com.mongodb.KotlinCodecProvider@4bf8b77, EnumCodecProvider{}]}, loggerSettings=LoggerSettings{maxDocumentLength=1000}, clusterSettings={hosts=[ac-m1hrvkw-shard-00-00.voszrn1.mongodb.net:27017, ac-m1hrvkw-shard-00-01.voszrn1.mongodb.net:27017, ac-m1hrvkw-shard-00-02.voszrn1.mongodb.net:27017], srvServiceName=mongodb, mode=MULTIPLE, requiredClusterType=UNKNOWN, requiredReplicaSetName='null', serverSelector='null', clusterListeners='[]', serverSelectionTimeout='30000 ms', localThreshold='15 ms'}, socketSettings=SocketSettings{connectTimeoutMS=10000, readTimeoutMS=0, receiveBufferSize=0, proxySettings=ProxySettings{host=null, port=null, username=null, password=null}}, heartbeatSocketSettings=SocketSettings{connectTimeoutMS=10000, readTimeoutMS=10000, receiveBufferSize=0, proxySettings=ProxySettings{host=null, port=null, username=null, password=null}}, connectionPoolSettings=ConnectionPoolSettings{maxSize=100, minSize=0, maxWaitTimeMS=120000, maxConnectionLifeTimeMS=0, maxConnectionIdleTimeMS=0, maintenanceInitialDelayMS=0, maintenanceFrequencyMS=60000, connectionPoolListeners=[], maxConnecting=2}, serverSettings=ServerSettings{heartbeatFrequencyMS=10000, minHeartbeatFrequencyMS=500, serverMonitoringMode=AUTO, serverListeners='[]', serverMonitorListeners='[]'}, sslSettings=SslSettings{enabled=true, invalidHostNameAllowed=false, context=null}, applicationName='null', compressorList=[], uuidRepresentation=UNSPECIFIED, serverApi=null, autoEncryptionSettings=null, dnsClient=null, inetAddressResolver=null, contextProvider=null, timeoutMS=null}
2026-02-04 03:49:10 [main] DEBUG o.e.n.s.JwtAuthenticationFilter - Filter 'jwtAuthenticationFilter' configured for use
2026-02-04 03:49:10 [main] DEBUG o.e.n.s.TrainerJwtAuthenticationFilter - Filter 'trainerJwtAuthenticationFilter' configured for use
2026-02-04 03:49:10 [main] INFO  o.s.s.c.a.a.c.InitializeAuthenticationProviderBeanManagerConfigurer$InitializeAuthenticationProviderManagerConfigurer - Global AuthenticationManager configured with AuthenticationProvider bean with name authenticationProvider
2026-02-04 03:49:10 [main] WARN  o.s.s.c.a.a.c.InitializeUserDetailsBeanManagerConfigurer$InitializeUserDetailsManagerConfigurer - Global AuthenticationManager configured with an AuthenticationProvider bean. UserDetailsService beans will not be used by Spring Security for automatically configuring username/password login. Consider removing the AuthenticationProvider bean. Alternatively, consider using the UserDetailsService in a manually instantiated DaoAuthenticationProvider. If the current configuration is intentional, to turn off this warning, increase the logging level of 'org.springframework.security.config.annotation.authentication.configuration.InitializeUserDetailsBeanManagerConfigurer' to ERROR
2026-02-04 03:49:10 [main] INFO  o.e.n.s.impl.LaunchDarklyServiceImpl - LaunchDarkly disabled or SDK key not provided
2026-02-04 03:49:10 [main] INFO  o.e.n.service.impl.S3ServiceImpl - S3 service initialized successfully with bucket: nexfit-media-prod
2026-02-04 03:49:10 [main] INFO  o.s.b.a.e.web.EndpointLinksResolver - Exposing 3 endpoints beneath base path '/actuator'
2026-02-04 03:49:10 [main] INFO  o.s.boot.tomcat.TomcatWebServer - Tomcat started on port 8080 (http) with context path '/api/v1'
2026-02-04 03:49:10 [main] INFO  o.example.nexfit.NexFitApplication - Started NexFitApplication in 1.859 seconds (process running for 2.147)
2026-02-04 03:49:10 [main] INFO  org.mongodb.driver.cluster - Waiting for server to become available for operation aggregate with ID 5. Remaining time: 29997 ms. Selector: ReadPreferenceServerSelector{readPreference=primary}, topology description: {type=UNKNOWN, servers=[{address=ac-m1hrvkw-shard-00-01.voszrn1.mongodb.net:27017, type=UNKNOWN, state=CONNECTING}, {address=ac-m1hrvkw-shard-00-00.voszrn1.mongodb.net:27017, type=UNKNOWN, state=CONNECTING}, {address=ac-m1hrvkw-shard-00-02.voszrn1.mongodb.net:27017, type=UNKNOWN, state=CONNECTING}].
2026-02-04 03:49:14 [cluster-ClusterId{value='6982745d303a865eec2fb048', description='null'}-ac-m1hrvkw-shard-00-00.voszrn1.mongodb.net:27017] INFO  org.mongodb.driver.cluster - Monitor thread successfully connected to server with description ServerDescription{address=ac-m1hrvkw-shard-00-00.voszrn1.mongodb.net:27017, type=REPLICA_SET_SECONDARY, cryptd=false, state=CONNECTED, ok=true, minWireVersion=0, maxWireVersion=25, maxDocumentSize=16777216, logicalSessionTimeoutMinutes=30, roundTripTimeNanos=470212042, minRoundTripTimeNanos=0, setName='atlas-14bydx-shard-0', canonicalAddress=ac-m1hrvkw-shard-00-00.voszrn1.mongodb.net:27017, hosts=[ac-m1hrvkw-shard-00-02.voszrn1.mongodb.net:27017, ac-m1hrvkw-shard-00-00.voszrn1.mongodb.net:27017, ac-m1hrvkw-shard-00-01.voszrn1.mongodb.net:27017], passives=[], arbiters=[], primary='ac-m1hrvkw-shard-00-01.voszrn1.mongodb.net:27017', tagSet=TagSet{[Tag{name='availabilityZone', value='apse2-az1'}, Tag{name='diskState', value='READY'}, Tag{name='nodeType', value='ELECTABLE'}, Tag{name='provider', value='AWS'}, Tag{name='region', value='AP_SOUTHEAST_2'}, Tag{name='workloadType', value='OPERATIONAL'}]}, electionId=null, setVersion=57, topologyVersion=TopologyVersion{processId=697b906a08b0d945ec857319, counter=4}, lastWriteDate=Wed Feb 04 03:49:13 IST 2026, lastUpdateTimeNanos=247187613587333}
2026-02-04 03:49:14 [cluster-ClusterId{value='6982745d303a865eec2fb048', description='null'}-ac-m1hrvkw-shard-00-01.voszrn1.mongodb.net:27017] INFO  org.mongodb.driver.cluster - Monitor thread successfully connected to server with description ServerDescription{address=ac-m1hrvkw-shard-00-01.voszrn1.mongodb.net:27017, type=REPLICA_SET_PRIMARY, cryptd=false, state=CONNECTED, ok=true, minWireVersion=0, maxWireVersion=25, maxDocumentSize=16777216, logicalSessionTimeoutMinutes=30, roundTripTimeNanos=470212125, minRoundTripTimeNanos=0, setName='atlas-14bydx-shard-0', canonicalAddress=ac-m1hrvkw-shard-00-01.voszrn1.mongodb.net:27017, hosts=[ac-m1hrvkw-shard-00-02.voszrn1.mongodb.net:27017, ac-m1hrvkw-shard-00-00.voszrn1.mongodb.net:27017, ac-m1hrvkw-shard-00-01.voszrn1.mongodb.net:27017], passives=[], arbiters=[], primary='ac-m1hrvkw-shard-00-01.voszrn1.mongodb.net:27017', tagSet=TagSet{[Tag{name='availabilityZone', value='apse2-az3'}, Tag{name='diskState', value='READY'}, Tag{name='nodeType', value='ELECTABLE'}, Tag{name='provider', value='AWS'}, Tag{name='region', value='AP_SOUTHEAST_2'}, Tag{name='workloadType', value='OPERATIONAL'}]}, electionId=7fffffff000000000000013d, setVersion=57, topologyVersion=TopologyVersion{processId=697b940a3c5ce02ae4ba7b36, counter=6}, lastWriteDate=Wed Feb 04 03:49:13 IST 2026, lastUpdateTimeNanos=247187613582666}
2026-02-04 03:49:14 [cluster-ClusterId{value='6982745d303a865eec2fb048', description='null'}-ac-m1hrvkw-shard-00-02.voszrn1.mongodb.net:27017] INFO  org.mongodb.driver.cluster - Monitor thread successfully connected to server with description ServerDescription{address=ac-m1hrvkw-shard-00-02.voszrn1.mongodb.net:27017, type=REPLICA_SET_SECONDARY, cryptd=false, state=CONNECTED, ok=true, minWireVersion=0, maxWireVersion=25, maxDocumentSize=16777216, logicalSessionTimeoutMinutes=30, roundTripTimeNanos=470212083, minRoundTripTimeNanos=0, setName='atlas-14bydx-shard-0', canonicalAddress=ac-m1hrvkw-shard-00-02.voszrn1.mongodb.net:27017, hosts=[ac-m1hrvkw-shard-00-02.voszrn1.mongodb.net:27017, ac-m1hrvkw-shard-00-00.voszrn1.mongodb.net:27017, ac-m1hrvkw-shard-00-01.voszrn1.mongodb.net:27017], passives=[], arbiters=[], primary='ac-m1hrvkw-shard-00-01.voszrn1.mongodb.net:27017', tagSet=TagSet{[Tag{name='availabilityZone', value='apse2-az2'}, Tag{name='diskState', value='READY'}, Tag{name='nodeType', value='ELECTABLE'}, Tag{name='provider', value='AWS'}, Tag{name='region', value='AP_SOUTHEAST_2'}, Tag{name='workloadType', value='OPERATIONAL'}]}, electionId=null, setVersion=57, topologyVersion=TopologyVersion{processId=697b97af9ccb37093bbcbecf, counter=3}, lastWriteDate=Wed Feb 04 03:49:13 IST 2026, lastUpdateTimeNanos=247187613585875}
2026-02-04 03:49:14 [cluster-ClusterId{value='6982745d303a865eec2fb048', description='null'}-ac-m1hrvkw-shard-00-00.voszrn1.mongodb.net:27017] INFO  org.mongodb.driver.cluster - Discovered cluster type of REPLICA_SET
2026-02-04 03:49:14 [cluster-ClusterId{value='6982745d303a865eec2fb048', description='null'}-ac-m1hrvkw-shard-00-01.voszrn1.mongodb.net:27017] INFO  org.mongodb.driver.cluster - Discovered replica set primary ac-m1hrvkw-shard-00-01.voszrn1.mongodb.net:27017 with max election id 7fffffff000000000000013d and max set version 57
2026-02-04 03:49:15 [main] INFO  o.example.nexfit.config.DataSeeder - Seeder skipped: user/trainer data already exists.
2026-02-04 03:49:15 [RMI TCP Connection(3)-192.168.29.46] INFO  o.a.c.c.C.[.[localhost].[/api/v1] - Initializing Spring DispatcherServlet 'dispatcherServlet'
2026-02-04 03:49:15 [RMI TCP Connection(3)-192.168.29.46] INFO  o.s.web.servlet.DispatcherServlet - Initializing Servlet 'dispatcherServlet'
2026-02-04 03:49:15 [RMI TCP Connection(3)-192.168.29.46] INFO  o.s.web.servlet.DispatcherServlet - Completed initialization in 1 ms
2026-02-04 03:49:16 [RMI TCP Connection(2)-192.168.29.46] WARN  o.s.b.m.health.MongoHealthIndicator - MongoDB health check failed
com.mongodb.MongoCommandException: Command execution failed on MongoDB server with error 8000 (AtlasError): '(Unauthorized) not authorized on local to execute command { hello: 1, $db: "local", $clusterTime: { clusterTime: {1770157156 3}, signature: { hash: {0 [135 184 121 212 199 69 138 64 22 71 140 58 130 152 16 206 95 116 124 100]}, keyId: 7546235969746239488.000000 } }, lsid: { id: {4 [46 158 46 76 109 114 69 69 168 107 36 4 71 197 47 3]} } }' on server ac-m1hrvkw-shard-00-01.voszrn1.mongodb.net:27017. The full response is {"ok": 0, "errmsg": "(Unauthorized) not authorized on local to execute command { hello: 1, $db: \"local\", $clusterTime: { clusterTime: {1770157156 3}, signature: { hash: {0 [135 184 121 212 199 69 138 64 22 71 140 58 130 152 16 206 95 116 124 100]}, keyId: 7546235969746239488.000000 } }, lsid: { id: {4 [46 158 46 76 109 114 69 69 168 107 36 4 71 197 47 3]} } }", "code": 8000, "codeName": "AtlasError"}
	at com.mongodb.internal.connection.ProtocolHelper.getCommandFailureException(ProtocolHelper.java:210)
	at com.mongodb.internal.connection.InternalStreamConnection.receiveCommandMessageResponse(InternalStreamConnection.java:520)
	at com.mongodb.internal.connection.InternalStreamConnection.sendAndReceiveInternal(InternalStreamConnection.java:448)
	at com.mongodb.internal.connection.InternalStreamConnection.lambda$sendAndReceive$0(InternalStreamConnection.java:375)
	at com.mongodb.internal.connection.InternalStreamConnection.sendAndReceive(InternalStreamConnection.java:378)
	at com.mongodb.internal.connection.UsageTrackingInternalConnection.sendAndReceive(UsageTrackingInternalConnection.java:111)
	at com.mongodb.internal.connection.DefaultConnectionPool$PooledConnection.sendAndReceive(DefaultConnectionPool.java:757)
	at com.mongodb.internal.connection.CommandProtocolImpl.execute(CommandProtocolImpl.java:60)
	at com.mongodb.internal.connection.DefaultServer$DefaultServerProtocolExecutor.execute(DefaultServer.java:207)
	at com.mongodb.internal.connection.DefaultServerConnection.executeProtocol(DefaultServerConnection.java:112)
	at com.mongodb.internal.connection.DefaultServerConnection.command(DefaultServerConnection.java:82)
	at com.mongodb.internal.connection.DefaultServerConnection.command(DefaultServerConnection.java:74)
	at com.mongodb.internal.connection.DefaultServer$OperationCountTrackingConnection.command(DefaultServer.java:297)
	at com.mongodb.internal.operation.SyncOperationHelper.createReadCommandAndExecute(SyncOperationHelper.java:298)
	at com.mongodb.internal.operation.SyncOperationHelper.lambda$executeRetryableRead$3(SyncOperationHelper.java:197)
	at com.mongodb.internal.operation.SyncOperationHelper.lambda$withSourceAndConnection$0(SyncOperationHelper.java:131)
	at com.mongodb.internal.operation.SyncOperationHelper.withSuppliedResource(SyncOperationHelper.java:156)
	at com.mongodb.internal.operation.SyncOperationHelper.lambda$withSourceAndConnection$1(SyncOperationHelper.java:130)
	at com.mongodb.internal.operation.SyncOperationHelper.withSuppliedResource(SyncOperationHelper.java:156)
	at com.mongodb.internal.operation.SyncOperationHelper.withSourceAndConnection(SyncOperationHelper.java:129)
	at com.mongodb.internal.operation.SyncOperationHelper.lambda$executeRetryableRead$4(SyncOperationHelper.java:195)
	at com.mongodb.internal.operation.SyncOperationHelper.lambda$decorateReadWithRetries$13(SyncOperationHelper.java:317)
	at com.mongodb.internal.async.function.RetryingSyncSupplier.get(RetryingSyncSupplier.java:67)
	at com.mongodb.internal.operation.SyncOperationHelper.executeRetryableRead(SyncOperationHelper.java:201)
	at com.mongodb.internal.operation.SyncOperationHelper.executeRetryableRead(SyncOperationHelper.java:180)
	at com.mongodb.internal.operation.CommandReadOperation.execute(CommandReadOperation.java:60)
	at com.mongodb.client.internal.MongoClusterImpl$OperationExecutorImpl.execute(MongoClusterImpl.java:426)
	at com.mongodb.client.internal.MongoDatabaseImpl.executeCommand(MongoDatabaseImpl.java:215)
	at com.mongodb.client.internal.MongoDatabaseImpl.runCommand(MongoDatabaseImpl.java:184)
	at com.mongodb.client.internal.MongoDatabaseImpl.runCommand(MongoDatabaseImpl.java:179)
	at com.mongodb.client.internal.MongoDatabaseImpl.runCommand(MongoDatabaseImpl.java:169)
	at org.springframework.boot.mongodb.health.MongoHealthIndicator.lambda$doHealthCheck$0(MongoHealthIndicator.java:57)
	at com.mongodb.client.internal.MappingIterable.lambda$forEach$0(MappingIterable.java:62)
	at com.mongodb.client.internal.MongoIterableImpl.forEach(MongoIterableImpl.java:144)
	at com.mongodb.client.internal.MappingIterable.forEach(MappingIterable.java:62)
	at org.springframework.boot.mongodb.health.MongoHealthIndicator.doHealthCheck(MongoHealthIndicator.java:56)
	at org.springframework.boot.health.contributor.AbstractHealthIndicator.health(AbstractHealthIndicator.java:80)
	at org.springframework.boot.health.contributor.HealthIndicator.health(HealthIndicator.java:37)
	at org.springframework.boot.health.actuate.endpoint.Contributor$Blocking.getDescriptor(Contributor.java:148)
	at org.springframework.boot.health.actuate.endpoint.Contributor$Blocking.getDescriptor(Contributor.java:126)
	at org.springframework.boot.health.actuate.endpoint.HealthEndpointSupport.getDescriptorAndLogIfSlow(HealthEndpointSupport.java:172)
	at org.springframework.boot.health.actuate.endpoint.HealthEndpointSupport.getDescriptor(HealthEndpointSupport.java:145)
	at org.springframework.boot.health.actuate.endpoint.HealthEndpointSupport.getAggregateDescriptor(HealthEndpointSupport.java:157)
	at org.springframework.boot.health.actuate.endpoint.HealthEndpointSupport.getDescriptor(HealthEndpointSupport.java:141)
	at org.springframework.boot.health.actuate.endpoint.HealthEndpointSupport.getResult(HealthEndpointSupport.java:110)
	at org.springframework.boot.health.actuate.endpoint.HealthEndpointSupport.getResult(HealthEndpointSupport.java:82)
	at org.springframework.boot.health.actuate.endpoint.HealthEndpoint.health(HealthEndpoint.java:80)
	at org.springframework.boot.health.actuate.endpoint.HealthEndpoint.health(HealthEndpoint.java:70)
	at java.base/jdk.internal.reflect.NativeMethodAccessorImpl.invoke0(Native Method)
	at java.base/jdk.internal.reflect.NativeMethodAccessorImpl.invoke(NativeMethodAccessorImpl.java:77)
	at java.base/jdk.internal.reflect.DelegatingMethodAccessorImpl.invoke(DelegatingMethodAccessorImpl.java:43)
	at java.base/java.lang.reflect.Method.invoke(Method.java:568)
	at org.springframework.util.ReflectionUtils.invokeMethod(ReflectionUtils.java:281)
	at org.springframework.boot.actuate.endpoint.invoke.reflect.ReflectiveOperationInvoker.invoke(ReflectiveOperationInvoker.java:76)
	at org.springframework.boot.actuate.endpoint.annotation.AbstractDiscoveredOperation.invoke(AbstractDiscoveredOperation.java:62)
	at org.springframework.boot.actuate.endpoint.jmx.EndpointMBean.invoke(EndpointMBean.java:127)
	at org.springframework.boot.actuate.endpoint.jmx.EndpointMBean.invoke(EndpointMBean.java:99)
	at java.management/com.sun.jmx.interceptor.DefaultMBeanServerInterceptor.invoke(DefaultMBeanServerInterceptor.java:814)
	at java.management/com.sun.jmx.mbeanserver.JmxMBeanServer.invoke(JmxMBeanServer.java:802)
	at java.management.rmi/javax.management.remote.rmi.RMIConnectionImpl.doOperation(RMIConnectionImpl.java:1472)
	at java.management.rmi/javax.management.remote.rmi.RMIConnectionImpl$PrivilegedOperation.run(RMIConnectionImpl.java:1310)
	at java.management.rmi/javax.management.remote.rmi.RMIConnectionImpl.doPrivilegedOperation(RMIConnectionImpl.java:1405)
	at java.management.rmi/javax.management.remote.rmi.RMIConnectionImpl.invoke(RMIConnectionImpl.java:829)
	at java.base/jdk.internal.reflect.GeneratedMethodAccessor20.invoke(Unknown Source)
	at java.base/jdk.internal.reflect.DelegatingMethodAccessorImpl.invoke(DelegatingMethodAccessorImpl.java:43)
	at java.base/java.lang.reflect.Method.invoke(Method.java:568)
	at java.rmi/sun.rmi.server.UnicastServerRef.dispatch(UnicastServerRef.java:360)
	at java.rmi/sun.rmi.transport.Transport$1.run(Transport.java:200)
	at java.rmi/sun.rmi.transport.Transport$1.run(Transport.java:197)
	at java.base/java.security.AccessController.doPrivileged(AccessController.java:712)
	at java.rmi/sun.rmi.transport.Transport.serviceCall(Transport.java:196)
	at java.rmi/sun.rmi.transport.tcp.TCPTransport.handleMessages(TCPTransport.java:587)
	at java.rmi/sun.rmi.transport.tcp.TCPTransport$ConnectionHandler.run0(TCPTransport.java:828)
	at java.rmi/sun.rmi.transport.tcp.TCPTransport$ConnectionHandler.lambda$run$0(TCPTransport.java:705)
	at java.base/java.security.AccessController.doPrivileged(AccessController.java:399)
	at java.rmi/sun.rmi.transport.tcp.TCPTransport$ConnectionHandler.run(TCPTransport.java:704)
	at java.base/java.util.concurrent.ThreadPoolExecutor.runWorker(ThreadPoolExecutor.java:1136)
	at java.base/java.util.concurrent.ThreadPoolExecutor$Worker.run(ThreadPoolExecutor.java:635)
	at java.base/java.lang.Thread.run(Thread.java:833)
2026-02-04 03:51:11 [SpringApplicationShutdownHook] INFO  o.s.boot.tomcat.GracefulShutdown - Commencing graceful shutdown. Waiting for active requests to complete
2026-02-04 03:51:11 [tomcat-shutdown] INFO  o.s.boot.tomcat.GracefulShutdown - Graceful shutdown complete
2026-02-04 03:51:13 [main] INFO  o.example.nexfit.NexFitApplication - Starting NexFitApplication using Java 17.0.6 with PID 31573 (/Users/kritip/Pokemon/NexFit-BE/target/classes started by kritip in /Users/kritip/Pokemon/NexFit-BE)
2026-02-04 03:51:13 [main] DEBUG o.example.nexfit.NexFitApplication - Running with Spring Boot v4.0.0, Spring v7.0.1
2026-02-04 03:51:13 [main] INFO  o.example.nexfit.NexFitApplication - The following 1 profile is active: "local"
2026-02-04 03:51:13 [main] INFO  o.s.d.r.c.RepositoryConfigurationDelegate - Bootstrapping Spring Data MongoDB repositories in DEFAULT mode.
2026-02-04 03:51:13 [main] INFO  o.s.d.r.c.RepositoryConfigurationDelegate - Finished Spring Data repository scanning in 23 ms. Found 13 MongoDB repository interfaces.
2026-02-04 03:51:13 [main] INFO  o.s.boot.tomcat.TomcatWebServer - Tomcat initialized with port 8080 (http)
2026-02-04 03:51:13 [main] INFO  o.a.catalina.core.StandardService - Starting service [Tomcat]
2026-02-04 03:51:13 [main] INFO  o.a.catalina.core.StandardEngine - Starting Servlet engine: [Apache Tomcat/11.0.14]
2026-02-04 03:51:13 [main] INFO  o.s.b.w.c.s.WebApplicationContextInitializer - Root WebApplicationContext: initialization completed in 618 ms
2026-02-04 03:51:13 [main] INFO  org.mongodb.driver.client - MongoClient with metadata {"driver": {"name": "mongo-java-driver|sync", "version": "5.6.1"}, "os": {"type": "Darwin", "name": "Mac OS X", "architecture": "aarch64", "version": "15.2"}, "platform": "Java/Amazon.com Inc./17.0.6+10-LTS"} created with settings MongoClientSettings{readPreference=primary, writeConcern=WriteConcern{w=null, wTimeout=null ms, journal=null}, retryWrites=true, retryReads=true, readConcern=ReadConcern{level=null}, credential=null, transportSettings=null, commandListeners=[], codecRegistry=ProvidersCodecRegistry{codecProviders=[ValueCodecProvider{}, BsonValueCodecProvider{}, DBRefCodecProvider{}, DBObjectCodecProvider{}, DocumentCodecProvider{}, CollectionCodecProvider{}, IterableCodecProvider{}, MapCodecProvider{}, GeoJsonCodecProvider{}, GridFSFileCodecProvider{}, Jsr310CodecProvider{}, JsonObjectCodecProvider{}, BsonCodecProvider{}, com.mongodb.client.model.mql.ExpressionCodecProvider@52657d5f, com.mongodb.Jep395RecordCodecProvider@43d3995f, com.mongodb.KotlinCodecProvider@2211b44f, EnumCodecProvider{}]}, loggerSettings=LoggerSettings{maxDocumentLength=1000}, clusterSettings={hosts=[localhost:27017], srvServiceName=mongodb, mode=SINGLE, requiredClusterType=UNKNOWN, requiredReplicaSetName='null', serverSelector='null', clusterListeners='[]', serverSelectionTimeout='30000 ms', localThreshold='15 ms'}, socketSettings=SocketSettings{connectTimeoutMS=10000, readTimeoutMS=0, receiveBufferSize=0, proxySettings=ProxySettings{host=null, port=null, username=null, password=null}}, heartbeatSocketSettings=SocketSettings{connectTimeoutMS=10000, readTimeoutMS=10000, receiveBufferSize=0, proxySettings=ProxySettings{host=null, port=null, username=null, password=null}}, connectionPoolSettings=ConnectionPoolSettings{maxSize=100, minSize=0, maxWaitTimeMS=120000, maxConnectionLifeTimeMS=0, maxConnectionIdleTimeMS=0, maintenanceInitialDelayMS=0, maintenanceFrequencyMS=60000, connectionPoolListeners=[], maxConnecting=2}, serverSettings=ServerSettings{heartbeatFrequencyMS=10000, minHeartbeatFrequencyMS=500, serverMonitoringMode=AUTO, serverListeners='[]', serverMonitorListeners='[]'}, sslSettings=SslSettings{enabled=false, invalidHostNameAllowed=false, context=null}, applicationName='null', compressorList=[], uuidRepresentation=UNSPECIFIED, serverApi=null, autoEncryptionSettings=null, dnsClient=null, inetAddressResolver=null, contextProvider=null, timeoutMS=null}
2026-02-04 03:51:13 [cluster-ClusterId{value='698274d9fd431dd03d3bb289', description='null'}-localhost:27017] INFO  org.mongodb.driver.cluster - Monitor thread successfully connected to server with description ServerDescription{address=localhost:27017, type=STANDALONE, cryptd=false, state=CONNECTED, ok=true, minWireVersion=0, maxWireVersion=13, maxDocumentSize=16777216, logicalSessionTimeoutMinutes=30, roundTripTimeNanos=34918209, minRoundTripTimeNanos=0}
2026-02-04 03:51:13 [main] DEBUG o.e.n.s.JwtAuthenticationFilter - Filter 'jwtAuthenticationFilter' configured for use
2026-02-04 03:51:13 [main] DEBUG o.e.n.s.TrainerJwtAuthenticationFilter - Filter 'trainerJwtAuthenticationFilter' configured for use
2026-02-04 03:51:14 [main] INFO  o.s.s.c.a.a.c.InitializeAuthenticationProviderBeanManagerConfigurer$InitializeAuthenticationProviderManagerConfigurer - Global AuthenticationManager configured with AuthenticationProvider bean with name authenticationProvider
2026-02-04 03:51:14 [main] WARN  o.s.s.c.a.a.c.InitializeUserDetailsBeanManagerConfigurer$InitializeUserDetailsManagerConfigurer - Global AuthenticationManager configured with an AuthenticationProvider bean. UserDetailsService beans will not be used by Spring Security for automatically configuring username/password login. Consider removing the AuthenticationProvider bean. Alternatively, consider using the UserDetailsService in a manually instantiated DaoAuthenticationProvider. If the current configuration is intentional, to turn off this warning, increase the logging level of 'org.springframework.security.config.annotation.authentication.configuration.InitializeUserDetailsBeanManagerConfigurer' to ERROR
2026-02-04 03:51:14 [main] INFO  o.e.n.s.impl.LaunchDarklyServiceImpl - LaunchDarkly disabled or SDK key not provided
2026-02-04 03:51:14 [main] INFO  o.e.n.service.impl.S3ServiceImpl - S3 service initialized successfully with bucket: nexfit-media-prod
2026-02-04 03:51:14 [main] INFO  o.s.b.a.e.web.EndpointLinksResolver - Exposing 3 endpoints beneath base path '/actuator'
2026-02-04 03:51:14 [main] INFO  o.s.boot.tomcat.TomcatWebServer - Tomcat started on port 8080 (http) with context path '/api/v1'
2026-02-04 03:51:14 [main] INFO  o.example.nexfit.NexFitApplication - Started NexFitApplication in 1.983 seconds (process running for 2.512)
2026-02-04 03:51:14 [main] INFO  o.example.nexfit.config.DataSeeder - Seeding training categories and subcategories...
2026-02-04 03:51:14 [main] INFO  o.example.nexfit.config.DataSeeder - Seeded 8 categories with subcategories
2026-02-04 03:51:17 [main] INFO  o.example.nexfit.config.DataSeeder - Seeding media for trainers...
2026-02-04 03:51:18 [main] INFO  o.example.nexfit.config.DataSeeder - Found 4 videos in S3 bucket
2026-02-04 03:51:18 [main] INFO  o.example.nexfit.config.DataSeeder - Using 4 videos for seeding
2026-02-04 03:51:18 [main] INFO  o.example.nexfit.config.DataSeeder - Seeded demo media for 30 trainers
2026-02-04 03:51:18 [main] INFO  o.example.nexfit.config.DataSeeder - Seeder completed: 12 users, 30 trainers, 174 reviews, 8 categories, 238 media items
2026-02-04 03:51:19 [RMI TCP Connection(3)-192.168.29.46] INFO  o.a.c.c.C.[.[localhost].[/api/v1] - Initializing Spring DispatcherServlet 'dispatcherServlet'
2026-02-04 03:51:19 [RMI TCP Connection(3)-192.168.29.46] INFO  o.s.web.servlet.DispatcherServlet - Initializing Servlet 'dispatcherServlet'
2026-02-04 03:51:19 [RMI TCP Connection(3)-192.168.29.46] INFO  o.s.web.servlet.DispatcherServlet - Completed initialization in 1 ms
2026-02-04 04:17:54 [http-nio-8080-exec-1] ERROR o.e.n.s.TrainerJwtAuthenticationFilter - Cannot set trainer authentication: Invalid compact JWT string: Compact JWSs must contain exactly 2 period characters, and compact JWEs must contain exactly 4.  Found: 0
2026-02-04 04:20:40 [http-nio-8080-exec-3] ERROR o.e.n.s.TrainerJwtAuthenticationFilter - Cannot set trainer authentication: Invalid compact JWT string: Compact JWSs must contain exactly 2 period characters, and compact JWEs must contain exactly 4.  Found: 0
2026-02-04 04:21:08 [http-nio-8080-exec-4] ERROR o.e.n.s.TrainerJwtAuthenticationFilter - Cannot set trainer authentication: Invalid compact JWT string: Compact JWSs must contain exactly 2 period characters, and compact JWEs must contain exactly 4.  Found: 0
2026-02-04 04:24:22 [http-nio-8080-exec-6] ERROR o.e.n.s.TrainerJwtAuthenticationFilter - Cannot set trainer authentication: Invalid compact JWT string: Compact JWSs must contain exactly 2 period characters, and compact JWEs must contain exactly 4.  Found: 0
2026-02-04 04:24:22 [http-nio-8080-exec-7] ERROR o.e.n.s.TrainerJwtAuthenticationFilter - Cannot set trainer authentication: Invalid compact JWT string: Compact JWSs must contain exactly 2 period characters, and compact JWEs must contain exactly 4.  Found: 0
2026-02-04 04:24:45 [http-nio-8080-exec-8] ERROR o.e.n.s.TrainerJwtAuthenticationFilter - Cannot set trainer authentication: Invalid compact JWT string: Compact JWSs must contain exactly 2 period characters, and compact JWEs must contain exactly 4.  Found: 0
2026-02-04 04:25:12 [http-nio-8080-exec-9] ERROR o.e.n.s.TrainerJwtAuthenticationFilter - Cannot set trainer authentication: Invalid compact JWT string: Compact JWSs must contain exactly 2 period characters, and compact JWEs must contain exactly 4.  Found: 0
2026-02-04 04:25:24 [http-nio-8080-exec-10] ERROR o.e.n.s.TrainerJwtAuthenticationFilter - Cannot set trainer authentication: Invalid compact JWT string: Compact JWSs must contain exactly 2 period characters, and compact JWEs must contain exactly 4.  Found: 0
2026-02-04 04:25:32 [http-nio-8080-exec-1] ERROR o.e.n.s.TrainerJwtAuthenticationFilter - Cannot set trainer authentication: Invalid compact JWT string: Compact JWSs must contain exactly 2 period characters, and compact JWEs must contain exactly 4.  Found: 0
2026-02-04 04:28:30 [http-nio-8080-exec-3] ERROR o.e.n.s.TrainerJwtAuthenticationFilter - Cannot set trainer authentication: Invalid compact JWT string: Compact JWSs must contain exactly 2 period characters, and compact JWEs must contain exactly 4.  Found: 0
2026-02-04 04:28:32 [http-nio-8080-exec-4] ERROR o.e.n.s.TrainerJwtAuthenticationFilter - Cannot set trainer authentication: Invalid compact JWT string: Compact JWSs must contain exactly 2 period characters, and compact JWEs must contain exactly 4.  Found: 0
2026-02-04 04:28:33 [http-nio-8080-exec-5] ERROR o.e.n.s.TrainerJwtAuthenticationFilter - Cannot set trainer authentication: Invalid compact JWT string: Compact JWSs must contain exactly 2 period characters, and compact JWEs must contain exactly 4.  Found: 0
2026-02-04 04:28:33 [http-nio-8080-exec-6] ERROR o.e.n.s.TrainerJwtAuthenticationFilter - Cannot set trainer authentication: Invalid compact JWT string: Compact JWSs must contain exactly 2 period characters, and compact JWEs must contain exactly 4.  Found: 0
2026-02-04 04:28:33 [http-nio-8080-exec-7] ERROR o.e.n.s.TrainerJwtAuthenticationFilter - Cannot set trainer authentication: Invalid compact JWT string: Compact JWSs must contain exactly 2 period characters, and compact JWEs must contain exactly 4.  Found: 0
2026-02-04 04:28:33 [http-nio-8080-exec-8] ERROR o.e.n.s.TrainerJwtAuthenticationFilter - Cannot set trainer authentication: Invalid compact JWT string: Compact JWSs must contain exactly 2 period characters, and compact JWEs must contain exactly 4.  Found: 0
